[debug] [2022-09-07T05:54:04.588Z] ----------------------------------------------------------------------
[debug] [2022-09-07T05:54:04.591Z] Command:       C:\Program Files\nodejs\node.exe C:\Users\semere bisrat\AppData\Roaming\npm\node_modules\firebase-tools\lib\bin\firebase.js emulators:start
[debug] [2022-09-07T05:54:04.592Z] CLI Version:   11.8.0
[debug] [2022-09-07T05:54:04.592Z] Platform:      win32
[debug] [2022-09-07T05:54:04.592Z] Node Version:  v18.4.0
[debug] [2022-09-07T05:54:04.594Z] Time:          Wed Sep 07 2022 00:54:04 GMT-0500 (Central Daylight Time)
[debug] [2022-09-07T05:54:04.594Z] ----------------------------------------------------------------------
[debug] 
[debug] [2022-09-07T05:54:04.818Z] > command requires scopes: ["email","openid","https://www.googleapis.com/auth/cloudplatformprojects.readonly","https://www.googleapis.com/auth/firebase","https://www.googleapis.com/auth/cloud-platform"]
[debug] [2022-09-07T05:54:04.819Z] > authorizing via signed-in user (saronsnit@gmail.com)
[info] i  emulators: Starting emulators: functions, hosting {"metadata":{"emulator":{"name":"hub"},"message":"Starting emulators: functions, hosting"}}
[debug] [2022-09-07T05:54:04.883Z] [hub] writing locator at C:\Users\SEMERE~1\AppData\Local\Temp\hub-snit-37e48.json
[warn] !  functions: The following emulators are not running, calls to these services from the Functions emulator will affect production: auth, firestore, database, pubsub, storage, eventarc {"metadata":{"emulator":{"name":"functions"},"message":"The following emulators are not running, calls to these services from the Functions emulator will affect production: \u001b[1mauth, firestore, database, pubsub, storage, eventarc\u001b[22m"}}
[warn] !  Your requested "node" version "16" doesn't match your global version "18". Using node@18 from host. {"metadata":{"emulator":{"name":"functions"},"message":"Your requested \"node\" version \"16\" doesn't match your global version \"18\". Using node@18 from host."}}
[debug] [2022-09-07T05:54:04.973Z] defaultcredentials: writing to file C:\Users\semere bisrat\AppData\Roaming\firebase\saronsnit_gmail_com_application_default_credentials.json
[debug] [2022-09-07T05:54:04.988Z] Setting GAC to C:\Users\semere bisrat\AppData\Roaming\firebase\saronsnit_gmail_com_application_default_credentials.json {"metadata":{"emulator":{"name":"functions"},"message":"Setting GAC to C:\\Users\\semere bisrat\\AppData\\Roaming\\firebase\\saronsnit_gmail_com_application_default_credentials.json"}}
[debug] [2022-09-07T05:54:04.991Z] > refreshing access token with scopes: []
[debug] [2022-09-07T05:54:04.995Z] >>> [apiv2][query] POST https://www.googleapis.com/oauth2/v3/token [none]
[debug] [2022-09-07T05:54:04.996Z] >>> [apiv2][body] POST https://www.googleapis.com/oauth2/v3/token [omitted]
[debug] [2022-09-07T05:54:05.795Z] <<< [apiv2][status] POST https://www.googleapis.com/oauth2/v3/token 200
[debug] [2022-09-07T05:54:05.795Z] <<< [apiv2][body] POST https://www.googleapis.com/oauth2/v3/token [omitted]
[debug] [2022-09-07T05:54:05.803Z] >>> [apiv2][query] GET https://firebase.googleapis.com/v1beta1/projects/snit-37e48/adminSdkConfig [none]
[debug] [2022-09-07T05:54:06.058Z] <<< [apiv2][status] GET https://firebase.googleapis.com/v1beta1/projects/snit-37e48/adminSdkConfig 200
[debug] [2022-09-07T05:54:06.058Z] <<< [apiv2][body] GET https://firebase.googleapis.com/v1beta1/projects/snit-37e48/adminSdkConfig {"projectId":"snit-37e48","storageBucket":"snit-37e48.appspot.com","locationId":"us-central"}
[debug] [2022-09-07T05:54:06.104Z] >>> [apiv2][query] GET https://firebasehosting.googleapis.com/v1beta1/projects/snit-37e48/sites 
[debug] [2022-09-07T05:54:06.414Z] <<< [apiv2][status] GET https://firebasehosting.googleapis.com/v1beta1/projects/snit-37e48/sites 200
[debug] [2022-09-07T05:54:06.414Z] <<< [apiv2][body] GET https://firebasehosting.googleapis.com/v1beta1/projects/snit-37e48/sites {"sites":[{"name":"projects/snit-37e48/sites/snit-37e48","defaultUrl":"https://snit-37e48.web.app","appId":"1:315262888198:web:bcf5c95cafa9125261d687","type":"DEFAULT_SITE"}]}
[debug] [2022-09-07T05:54:06.415Z] >>> [apiv2][query] GET https://firebase.googleapis.com/v1beta1/projects/snit-37e48/webApps/1:315262888198:web:bcf5c95cafa9125261d687/config [none]
[debug] [2022-09-07T05:54:06.733Z] <<< [apiv2][status] GET https://firebase.googleapis.com/v1beta1/projects/snit-37e48/webApps/1:315262888198:web:bcf5c95cafa9125261d687/config 200
[debug] [2022-09-07T05:54:06.733Z] <<< [apiv2][body] GET https://firebase.googleapis.com/v1beta1/projects/snit-37e48/webApps/1:315262888198:web:bcf5c95cafa9125261d687/config {"projectId":"snit-37e48","appId":"1:315262888198:web:bcf5c95cafa9125261d687","storageBucket":"snit-37e48.appspot.com","locationId":"us-central","apiKey":"AIzaSyABCLNWHrG2jn-GvI-sGahz2G0nD82SPLk","authDomain":"snit-37e48.firebaseapp.com","messagingSenderId":"315262888198","measurementId":"G-9G5BWKJ3ER"}
[info] i  hosting: Serving hosting files from: build {"metadata":{"emulator":{"name":"hosting"},"message":"Serving hosting files from: \u001b[1mbuild\u001b[22m"}}
[info] +  hosting: Local server: http://localhost:5000 {"metadata":{"emulator":{"name":"hosting"},"message":"Local server: \u001b[4m\u001b[1mhttp://localhost:5000\u001b[22m\u001b[24m"}}
[debug] [2022-09-07T05:54:06.804Z] Ignoring unsupported arg: auto_download {"metadata":{"emulator":{"name":"ui"},"message":"Ignoring unsupported arg: auto_download"}}
[debug] [2022-09-07T05:54:06.805Z] Ignoring unsupported arg: port {"metadata":{"emulator":{"name":"ui"},"message":"Ignoring unsupported arg: port"}}
[debug] [2022-09-07T05:54:06.805Z] Starting Emulator UI with command {"binary":"node","args":["C:\\Users\\semere bisrat\\.cache\\firebase\\emulators\\ui-v1.9.0\\server\\server.js"],"optionalArgs":[],"joinArgs":false} {"metadata":{"emulator":{"name":"ui"},"message":"Starting Emulator UI with command {\"binary\":\"node\",\"args\":[\"C:\\\\Users\\\\semere bisrat\\\\.cache\\\\firebase\\\\emulators\\\\ui-v1.9.0\\\\server\\\\server.js\"],\"optionalArgs\":[],\"joinArgs\":false}"}}
[info] i  ui: Emulator UI logging to ui-debug.log {"metadata":{"emulator":{"name":"ui"},"message":"Emulator UI logging to \u001b[1mui-debug.log\u001b[22m"}}
[debug] [2022-09-07T05:54:07.064Z] Web / API server started at localhost:4000
 {"metadata":{"emulator":{"name":"ui"},"message":"Web / API server started at localhost:4000\n"}}
[info] i  functions: Watching "C:\Users\semere bisrat\OneDrive\Desktop\EVANGADI\Amazon\react-amazon\functions" for Cloud Functions... {"metadata":{"emulator":{"name":"functions"},"message":"Watching \"C:\\Users\\semere bisrat\\OneDrive\\Desktop\\EVANGADI\\Amazon\\react-amazon\\functions\" for Cloud Functions..."}}
[debug] [2022-09-07T05:54:07.102Z] Validating nodejs source
[warn] !  functions: package.json indicates an outdated version of firebase-functions. Please upgrade using npm install --save firebase-functions@latest in your functions directory. 
[debug] [2022-09-07T05:54:13.477Z] > [functions] package.json contents: {
  "name": "functions",
  "description": "Cloud Functions for Firebase",
  "scripts": {
    "lint": "eslint .",
    "serve": "firebase emulators:start --only functions",
    "shell": "firebase functions:shell",
    "start": "npm run shell",
    "deploy": "firebase deploy --only functions",
    "logs": "firebase functions:log"
  },
  "engines": {
    "node": "16"
  },
  "main": "index.js",
  "dependencies": {
    "cors": "^2.8.5",
    "express": "^4.18.1",
    "firebase-admin": "^10.0.2",
    "firebase-functions": "^3.18.0",
    "stripe": "^10.6.0"
  },
  "devDependencies": {
    "eslint": "^8.9.0",
    "eslint-config-google": "^0.14.0",
    "firebase-functions-test": "^0.2.0"
  },
  "private": true
}
[debug] [2022-09-07T05:54:13.478Z] Building nodejs source
[debug] [2022-09-07T05:54:13.478Z] Analyzing nodejs backend spec
[debug] [2022-09-07T05:54:13.480Z] Could not find functions.yaml. Must use http discovery
[debug] [2022-09-07T05:54:14.141Z] Serving at port 9005

[debug] [2022-09-07T05:54:14.479Z] Got response from /__/functions.yaml {"endpoints":{"api":{"platform":"gcfv1","httpsTrigger":{},"entryPoint":"api"}},"specVersion":"v1alpha1","requiredAPIs":[]}
[debug] [2022-09-07T05:54:14.497Z] shutdown requested via /__/quitquitquit

[info] +  functions: Loaded functions definitions from source: api. {"metadata":{"emulator":{"name":"functions"},"message":"Loaded functions definitions from source: api."}}
[info] +  functions[us-central1-api]: http function initialized (http://localhost:5001/snit-37e48/us-central1/api). {"metadata":{"emulator":{"name":"functions"},"message":"\u001b[1mhttp\u001b[22m function initialized (http://localhost:5001/snit-37e48/us-central1/api)."}}
[info] 
┌─────────────────────────────────────────────────────────────┐
│ ✔  All emulators ready! It is now safe to connect your app. │
│ i  View Emulator UI at http://localhost:4000                │
└─────────────────────────────────────────────────────────────┘

┌───────────┬────────────────┬─────────────────────────────────┐
│ Emulator  │ Host:Port      │ View in Emulator UI             │
├───────────┼────────────────┼─────────────────────────────────┤
│ Functions │ localhost:5001 │ http://localhost:4000/functions │
├───────────┼────────────────┼─────────────────────────────────┤
│ Hosting   │ localhost:5000 │ n/a                             │
└───────────┴────────────────┴─────────────────────────────────┘
  Emulator Hub running at localhost:4400
  Other reserved ports: 4500

Issues? Report them at https://github.com/firebase/firebase-tools/issues and attach the *-debug.log files.
 
[debug] [2022-09-07T06:02:06.086Z] Received signal SIGHUP 1
